<?xml version="1.0" encoding="UTF-8"?>
<!-- Generated by org.testng.reporters.JUnitReportReporter -->
<testsuite hostname="DESKTOP-E7FOCSH" failures="0" tests="7" name="com.qa.Tests.Test1" time="173.273" errors="0" timestamp="2022-07-06T17:42:04 IST" skipped="0">
  <testcase classname="com.qa.Tests.Test1" name="change_Language" time="21.279"/>
  <system-out/>
  <testcase classname="com.qa.Tests.Test1" name="verify_Links_Are_Not_Broken_On_HomePage" time="42.399"/>
  <system-out/>
  <testcase classname="com.qa.Tests.Test1" name="verify_Links_Are_Not_Broken_On_Third_Page" time="44.466"/>
  <system-out/>
  <testcase classname="com.qa.Tests.Test1" name="change_Theme" time="14.834"/>
  <system-out/>
  <testcase classname="com.qa.Tests.Test1" name="click_on_Web_Sotries" time="19.554"/>
  <system-out/>
  <testcase classname="com.qa.Tests.Test1" name="capture_The_Text_From_each_WebStory" time="12.821"/>
  <system-out/>
  <testcase classname="com.qa.Tests.Test1" name="click_on_next_WebStory_and_Return_on_HomePage" time="17.920"/>
  <system-out/>
</testsuite> <!-- com.qa.Tests.Test1 -->
